<?xml version="1.0" encoding="UTF-8"?>
<!-- Generated by org.testng.reporters.JUnitReportReporter -->
<testsuite skipped="0" hostname="DESKTOP-GB7CGJO" name="hdfcbank.TestHello" tests="1" failures="0" timestamp="13 Jun 2021 19:11:35 GMT" time="0.056" errors="0">
  <testcase name="test" time="0.056" classname="hdfcbank.TestHello"/>
</testsuite> <!-- hdfcbank.TestHello -->
